<?xml version="1.0" encoding="UTF-8" ?>
<testsuite tests="29" failures="0" name="edu.ceng.TestMain" time="8.555" errors="0" skipped="0">
  <properties>
    <property name="java.runtime.name" value="Java(TM) SE Runtime Environment"/>
    <property name="sun.boot.library.path" value="C:\Program Files\Java\jdk1.8.0_111\jre\bin"/>
    <property name="java.vm.version" value="25.111-b14"/>
    <property name="java.vm.vendor" value="Oracle Corporation"/>
    <property name="maven.multiModuleProjectDirectory" value="C:\Users\Hande\Desktop\bim207-hw2-hnbirsen-master"/>
    <property name="java.vendor.url" value="http://java.oracle.com/"/>
    <property name="path.separator" value=";"/>
    <property name="guice.disable.misplaced.annotation.check" value="true"/>
    <property name="java.vm.name" value="Java HotSpot(TM) 64-Bit Server VM"/>
    <property name="file.encoding.pkg" value="sun.io"/>
    <property name="user.script" value=""/>
    <property name="user.country" value="TR"/>
    <property name="sun.java.launcher" value="SUN_STANDARD"/>
    <property name="sun.os.patch.level" value=""/>
    <property name="java.vm.specification.name" value="Java Virtual Machine Specification"/>
    <property name="user.dir" value="C:\Users\Hande\Desktop\bim207-hw2-hnbirsen-master"/>
    <property name="java.runtime.version" value="1.8.0_111-b14"/>
    <property name="java.awt.graphicsenv" value="sun.awt.Win32GraphicsEnvironment"/>
    <property name="java.endorsed.dirs" value="C:\Program Files\Java\jdk1.8.0_111\jre\lib\endorsed"/>
    <property name="os.arch" value="amd64"/>
    <property name="java.io.tmpdir" value="C:\Users\Hande\AppData\Local\Temp\"/>
    <property name="line.separator" value="
"/>
    <property name="java.vm.specification.vendor" value="Oracle Corporation"/>
    <property name="user.variant" value=""/>
    <property name="os.name" value="Windows 10"/>
    <property name="classworlds.conf" value="E:\apache-maven-3.3.9\bin\m2.conf"/>
    <property name="sun.jnu.encoding" value="Cp1254"/>
    <property name="java.library.path" value="C:\Program Files\Java\jdk1.8.0_111\bin;C:\WINDOWS\Sun\Java\bin;C:\WINDOWS\system32;C:\WINDOWS;C:\ProgramData\Oracle\Java\javapath;C:\Windows\system32;C:\Windows;C:\Windows\System32\Wbem;C:\Windows\System32\WindowsPowerShell\v1.0\;C:\Program Files\Git\cmd;C:\Program Files (x86)\NVIDIA Corporation\PhysX\Common;E:\apache-maven-3.3.9\bin;%SystemRoot%\system32;%SystemRoot%;%SystemRoot%\System32\Wbem;%SYSTEMROOT%\System32\WindowsPowerShell\v1.0\;C:\Users\Hande\AppData\Local\Microsoft\WindowsApps;;."/>
    <property name="java.specification.name" value="Java Platform API Specification"/>
    <property name="java.class.version" value="52.0"/>
    <property name="sun.management.compiler" value="HotSpot 64-Bit Tiered Compilers"/>
    <property name="os.version" value="10.0"/>
    <property name="user.home" value="C:\Users\Hande"/>
    <property name="user.timezone" value="Asia/Istanbul"/>
    <property name="java.awt.printerjob" value="sun.awt.windows.WPrinterJob"/>
    <property name="java.specification.version" value="1.8"/>
    <property name="file.encoding" value="Cp1254"/>
    <property name="user.name" value="Hande"/>
    <property name="java.class.path" value="E:\apache-maven-3.3.9\boot\plexus-classworlds-2.5.2.jar"/>
    <property name="java.vm.specification.version" value="1.8"/>
    <property name="sun.arch.data.model" value="64"/>
    <property name="java.home" value="C:\Program Files\Java\jdk1.8.0_111\jre"/>
    <property name="sun.java.command" value="org.codehaus.plexus.classworlds.launcher.Launcher clean package"/>
    <property name="java.specification.vendor" value="Oracle Corporation"/>
    <property name="user.language" value="tr"/>
    <property name="awt.toolkit" value="sun.awt.windows.WToolkit"/>
    <property name="java.vm.info" value="mixed mode"/>
    <property name="java.version" value="1.8.0_111"/>
    <property name="java.ext.dirs" value="C:\Program Files\Java\jdk1.8.0_111\jre\lib\ext;C:\WINDOWS\Sun\Java\lib\ext"/>
    <property name="sun.boot.class.path" value="C:\Program Files\Java\jdk1.8.0_111\jre\lib\resources.jar;C:\Program Files\Java\jdk1.8.0_111\jre\lib\rt.jar;C:\Program Files\Java\jdk1.8.0_111\jre\lib\sunrsasign.jar;C:\Program Files\Java\jdk1.8.0_111\jre\lib\jsse.jar;C:\Program Files\Java\jdk1.8.0_111\jre\lib\jce.jar;C:\Program Files\Java\jdk1.8.0_111\jre\lib\charsets.jar;C:\Program Files\Java\jdk1.8.0_111\jre\lib\jfr.jar;C:\Program Files\Java\jdk1.8.0_111\jre\classes"/>
    <property name="sun.stderr.encoding" value="cp857"/>
    <property name="java.vendor" value="Oracle Corporation"/>
    <property name="maven.home" value="E:\apache-maven-3.3.9"/>
    <property name="file.separator" value="\"/>
    <property name="java.vendor.url.bug" value="http://bugreport.sun.com/bugreport/"/>
    <property name="sun.cpu.endian" value="little"/>
    <property name="sun.io.unicode.encoding" value="UnicodeLittle"/>
    <property name="sun.stdout.encoding" value="cp857"/>
    <property name="sun.desktop" value="windows"/>
    <property name="sun.cpu.isalist" value="amd64"/>
  </properties>
  <testcase classname="edu.ceng.TestMain" name="test10" time="0.217"/>
  <testcase classname="edu.ceng.TestMain" name="test11" time="0.013"/>
  <testcase classname="edu.ceng.TestMain" name="test12" time="0.003"/>
  <testcase classname="edu.ceng.TestMain" name="test13" time="0"/>
  <testcase classname="edu.ceng.TestMain" name="test14" time="0.001"/>
  <testcase classname="edu.ceng.TestMain" name="test15" time="0.002"/>
  <testcase classname="edu.ceng.TestMain" name="test16" time="0.001"/>
  <testcase classname="edu.ceng.TestMain" name="test17" time="0.001"/>
  <testcase classname="edu.ceng.TestMain" name="test18" time="0.003"/>
  <testcase classname="edu.ceng.TestMain" name="test19" time="0.004"/>
  <testcase classname="edu.ceng.TestMain" name="test20" time="0.391"/>
  <testcase classname="edu.ceng.TestMain" name="test21" time="0.286"/>
  <testcase classname="edu.ceng.TestMain" name="test22" time="3.92"/>
  <testcase classname="edu.ceng.TestMain" name="test23" time="3.682"/>
  <testcase classname="edu.ceng.TestMain" name="test24" time="0"/>
  <testcase classname="edu.ceng.TestMain" name="test25" time="0"/>
  <testcase classname="edu.ceng.TestMain" name="test26" time="0"/>
  <testcase classname="edu.ceng.TestMain" name="test27" time="0"/>
  <testcase classname="edu.ceng.TestMain" name="test28" time="0"/>
  <testcase classname="edu.ceng.TestMain" name="test29" time="0"/>
  <testcase classname="edu.ceng.TestMain" name="test1" time="0.016"/>
  <testcase classname="edu.ceng.TestMain" name="test2" time="0.015"/>
  <testcase classname="edu.ceng.TestMain" name="test3" time="0"/>
  <testcase classname="edu.ceng.TestMain" name="test4" time="0"/>
  <testcase classname="edu.ceng.TestMain" name="test5" time="0"/>
  <testcase classname="edu.ceng.TestMain" name="test6" time="0"/>
  <testcase classname="edu.ceng.TestMain" name="test7" time="0"/>
  <testcase classname="edu.ceng.TestMain" name="test8" time="0"/>
  <testcase classname="edu.ceng.TestMain" name="test9" time="0"/>
</testsuite>